[debug] [2022-05-27T09:32:07.240Z] ----------------------------------------------------------------------
[debug] [2022-05-27T09:32:07.246Z] Command:       C:\Program Files\nodejs\node.exe C:\Program Files\nodejs\node_modules\firebase-tools\lib\bin\firebase.js deploy
[debug] [2022-05-27T09:32:07.248Z] CLI Version:   11.0.1
[debug] [2022-05-27T09:32:07.248Z] Platform:      win32
[debug] [2022-05-27T09:32:07.248Z] Node Version:  v16.13.0
[debug] [2022-05-27T09:32:07.258Z] Time:          Fri May 27 2022 12:32:07 GMT+0300 (Rytų Europos vasaros laikas)
[debug] [2022-05-27T09:32:07.259Z] ----------------------------------------------------------------------
[debug] 
[debug] [2022-05-27T09:32:07.472Z] > command requires scopes: ["email","openid","https://www.googleapis.com/auth/cloudplatformprojects.readonly","https://www.googleapis.com/auth/firebase","https://www.googleapis.com/auth/cloud-platform"]
[debug] [2022-05-27T09:32:07.473Z] > authorizing via signed-in user (bubnys.it@gmail.com)
[debug] [2022-05-27T09:32:07.473Z] [iam] checking project algorithm-sorting-visualizer for permissions ["firebase.projects.get","firebasehosting.sites.update"]
[debug] [2022-05-27T09:32:07.477Z] > refreshing access token with scopes: []
[debug] [2022-05-27T09:32:07.478Z] >>> HTTP REQUEST POST https://www.googleapis.com/oauth2/v3/token  
 <request body omitted>
[debug] [2022-05-27T09:32:07.553Z] [iam] error while checking permissions, command may fail: FirebaseError: Authentication Error: Your credentials are no longer valid. Please run firebase login --reauth

For CI servers and headless environments, generate a new token with firebase login:ci
[debug] [2022-05-27T09:32:07.554Z] > refreshing access token with scopes: []
[debug] [2022-05-27T09:32:07.555Z] >>> HTTP REQUEST POST https://www.googleapis.com/oauth2/v3/token  
 <request body omitted>
[debug] [2022-05-27T09:32:07.563Z] Authentication Error: Your credentials are no longer valid. Please run firebase login --reauth

For CI servers and headless environments, generate a new token with firebase login:ci
[debug] [2022-05-27T09:32:07.574Z] FirebaseError: Authentication Error: Your credentials are no longer valid. Please run firebase login --reauth

For CI servers and headless environments, generate a new token with firebase login:ci
    at invalidCredentialError (C:\Users\rober\AppData\Roaming\nvm\v16.13.0\node_modules\firebase-tools\lib\auth.js:145:12)
    at refreshTokens (C:\Users\rober\AppData\Roaming\nvm\v16.13.0\node_modules\firebase-tools\lib\auth.js:485:15)
    at processTicksAndRejections (node:internal/process/task_queues:96:5)
    at async Client.getAccessToken (C:\Users\rober\AppData\Roaming\nvm\v16.13.0\node_modules\firebase-tools\lib\apiv2.js:147:23)
    at async Client.addAuthHeader (C:\Users\rober\AppData\Roaming\nvm\v16.13.0\node_modules\firebase-tools\lib\apiv2.js:138:21)
    at async Client.request (C:\Users\rober\AppData\Roaming\nvm\v16.13.0\node_modules\firebase-tools\lib\apiv2.js:94:34)
    at async getFirebaseProject (C:\Users\rober\AppData\Roaming\nvm\v16.13.0\node_modules\firebase-tools\lib\management\projects.js:296:21)
    at async getDefaultHostingSite (C:\Users\rober\AppData\Roaming\nvm\v16.13.0\node_modules\firebase-tools\lib\getDefaultHostingSite.js:8:21)
    at async requireHostingSite (C:\Users\rober\AppData\Roaming\nvm\v16.13.0\node_modules\firebase-tools\lib\requireHostingSite.js:9:18)
    at async Object.fn (C:\Users\rober\AppData\Roaming\nvm\v16.13.0\node_modules\firebase-tools\lib\commands\deploy.js:73:9)
    at async C:\Users\rober\AppData\Roaming\nvm\v16.13.0\node_modules\firebase-tools\lib\command.js:188:17
[error] 
[error] Error: Failed to get Firebase project algorithm-sorting-visualizer. Please make sure the project exists and your account has permission to access it.
[debug] [2022-05-27T09:32:52.041Z] ----------------------------------------------------------------------
[debug] [2022-05-27T09:32:52.044Z] Command:       C:\Program Files\nodejs\node.exe C:\Program Files\nodejs\node_modules\firebase-tools\lib\bin\firebase.js init
[debug] [2022-05-27T09:32:52.045Z] CLI Version:   11.0.1
[debug] [2022-05-27T09:32:52.046Z] Platform:      win32
[debug] [2022-05-27T09:32:52.046Z] Node Version:  v16.13.0
[debug] [2022-05-27T09:32:52.048Z] Time:          Fri May 27 2022 12:32:52 GMT+0300 (Rytų Europos vasaros laikas)
[debug] [2022-05-27T09:32:52.048Z] ----------------------------------------------------------------------
[debug] 
[debug] [2022-05-27T09:32:52.169Z] > command requires scopes: ["email","openid","https://www.googleapis.com/auth/cloudplatformprojects.readonly","https://www.googleapis.com/auth/firebase","https://www.googleapis.com/auth/cloud-platform"]
[debug] [2022-05-27T09:32:52.169Z] > authorizing via signed-in user (bubnys.it@gmail.com)
[info] 
     ######## #### ########  ######## ########     ###     ######  ########
     ##        ##  ##     ## ##       ##     ##  ##   ##  ##       ##
     ######    ##  ########  ######   ########  #########  ######  ######
     ##        ##  ##    ##  ##       ##     ## ##     ##       ## ##
     ##       #### ##     ## ######## ########  ##     ##  ######  ########

You're about to initialize a Firebase project in this directory:

  C:\Users\rober\projects\SorterAlgorythmsVisualizer

Before we get started, keep in mind:

  * You are initializing within an existing Firebase project directory

[info] 
=== Project Setup
[info] 
[info] First, let's associate this project directory with a Firebase project.
[info] You can create multiple project aliases by running firebase use --add, 
[info] but for now we'll just set up a default project.
[info] 
[debug] [2022-05-27T09:32:59.365Z] Using project from CLI flag: algorithm-sorting-visualizer
[debug] [2022-05-27T09:32:59.367Z] > refreshing access token with scopes: []
[debug] [2022-05-27T09:32:59.368Z] >>> HTTP REQUEST POST https://www.googleapis.com/oauth2/v3/token  
 <request body omitted>
[debug] [2022-05-27T09:32:59.409Z] Authentication Error: Your credentials are no longer valid. Please run firebase login --reauth

For CI servers and headless environments, generate a new token with firebase login:ci
[debug] [2022-05-27T09:32:59.423Z] FirebaseError: Authentication Error: Your credentials are no longer valid. Please run firebase login --reauth

For CI servers and headless environments, generate a new token with firebase login:ci
    at invalidCredentialError (C:\Users\rober\AppData\Roaming\nvm\v16.13.0\node_modules\firebase-tools\lib\auth.js:145:12)
    at refreshTokens (C:\Users\rober\AppData\Roaming\nvm\v16.13.0\node_modules\firebase-tools\lib\auth.js:485:15)
    at processTicksAndRejections (node:internal/process/task_queues:96:5)
    at async Client.getAccessToken (C:\Users\rober\AppData\Roaming\nvm\v16.13.0\node_modules\firebase-tools\lib\apiv2.js:147:23)
    at async Client.addAuthHeader (C:\Users\rober\AppData\Roaming\nvm\v16.13.0\node_modules\firebase-tools\lib\apiv2.js:138:21)
    at async Client.request (C:\Users\rober\AppData\Roaming\nvm\v16.13.0\node_modules\firebase-tools\lib\apiv2.js:94:34)
    at async getFirebaseProject (C:\Users\rober\AppData\Roaming\nvm\v16.13.0\node_modules\firebase-tools\lib\management\projects.js:296:21)
    at async doSetup (C:\Users\rober\AppData\Roaming\nvm\v16.13.0\node_modules\firebase-tools\lib\init\features\project.js:85:27)
    at async init (C:\Users\rober\AppData\Roaming\nvm\v16.13.0\node_modules\firebase-tools\lib\init\index.js:36:9)
[error] 
[error] Error: Failed to get Firebase project algorithm-sorting-visualizer. Please make sure the project exists and your account has permission to access it.
